\BOOKMARK [1][-]{section.1}{Introduction}{}% 1
\BOOKMARK [2][-]{subsection.1.1}{Background}{section.1}% 2
\BOOKMARK [2][-]{subsection.1.2}{Organisation of report}{section.1}% 3
\BOOKMARK [1][-]{section.2}{Monte Carlo Tree Search}{}% 4
\BOOKMARK [2][-]{subsection.2.1}{Overview}{section.2}% 5
\BOOKMARK [2][-]{subsection.2.2}{The 4 Phases}{section.2}% 6
\BOOKMARK [3][-]{subsubsection.2.2.1}{Selection}{subsection.2.2}% 7
\BOOKMARK [3][-]{subsubsection.2.2.2}{Expansion}{subsection.2.2}% 8
\BOOKMARK [3][-]{subsubsection.2.2.3}{Simulation}{subsection.2.2}% 9
\BOOKMARK [3][-]{subsubsection.2.2.4}{Backpropagation}{subsection.2.2}% 10
\BOOKMARK [2][-]{subsection.2.3}{Exploration vs. Exploitation}{section.2}% 11
\BOOKMARK [3][-]{subsubsection.2.3.1}{Upper Confidence Bound}{subsection.2.3}% 12
\BOOKMARK [3][-]{subsubsection.2.3.2}{Upper Confidence Bound for Trees}{subsection.2.3}% 13
\BOOKMARK [2][-]{subsection.2.4}{Extensions to MCTS}{section.2}% 14
\BOOKMARK [3][-]{subsubsection.2.4.1}{Parallelization}{subsection.2.4}% 15
\BOOKMARK [3][-]{subsubsection.2.4.2}{Re-using simulation branches}{subsection.2.4}% 16
\BOOKMARK [3][-]{subsubsection.2.4.3}{Opponent Modelling}{subsection.2.4}% 17
\BOOKMARK [1][-]{section.3}{Texas Hold'em Poker}{}% 18
\BOOKMARK [2][-]{subsection.3.1}{Terminologies and rules}{section.3}% 19
\BOOKMARK [2][-]{subsection.3.2}{Poker as a problem domain}{section.3}% 20
\BOOKMARK [1][-]{section.4}{Implementation}{}% 21
\BOOKMARK [1][-]{section.5}{Conclusion}{}% 22
